#-----------------------------------------------------------
# Vivado v2019.1 (64-bit)
# SW Build 2552052 on Fri May 24 14:49:42 MDT 2019
# IP Build 2548770 on Fri May 24 18:01:18 MDT 2019
# Start of session at: Sat Jul 20 18:14:10 2024
# Process ID: 26212
# Current directory: C:/Users/sjh00/streamline
# Command line: vivado.exe -gui_launcher_event rodinguilauncherevent3916 C:\Users\sjh00\streamline\dsd_mlp.xpr
# Log file: C:/Users/sjh00/streamline/vivado.log
# Journal file: C:/Users/sjh00/streamline\vivado.jou
#-----------------------------------------------------------
start_gui
open_project C:/Users/sjh00/streamline/dsd_mlp.xpr
INFO: [Project 1-313] Project file moved from 'C:/streamline' since last save.
CRITICAL WARNING: [Project 1-311] Could not find the file 'C:/Users/sjh00/streamline/tb_pu_behav.wcfg', nor could it be found using path 'C:/streamline/tb_pu_behav.wcfg'.
Scanning sources...
Finished scanning sources
WARNING: [filemgmt 56-2] Board Part Repository Path: Could not find the directory 'C:/Users/AppData/Roaming/Xilinx/Vivado/2019.1/xhub/board_store', nor could it be found using path 'C:/../AppData/Roaming/Xilinx/Vivado/2019.1/xhub/board_store'.
INFO: [IP_Flow 19-234] Refreshing IP repositories
INFO: [IP_Flow 19-1704] No user IP repositories specified
INFO: [IP_Flow 19-2313] Loaded Vivado IP repository 'D:/Vivado/2019.1/data/ip'.
open_project: Time (s): cpu = 00:00:09 ; elapsed = 00:00:05 . Memory (MB): peak = 791.387 ; gain = 156.973
update_compile_order -fileset sources_1
exit
INFO: [Common 17-206] Exiting Vivado at Sat Jul 20 18:17:08 2024...
